07502 117.241440 39.917366
07570 117.055466 40.045284
08390 116.969963 40.044895
08777 117.042381 39.914772
08790 116.875328 39.926098
08937 117.012062 40.033348
09230 116.885452 39.906029
09231 116.830154 40.189060
09233 116.873932 40.043907
09235 117.040634 40.065884
09236 116.900068 39.959586
09240 117.041641 40.076897
09241 117.082748 40.024662
09242 116.844109 40.023647
09244 116.885828 39.915524
09245 117.068993 40.044781
09247 117.239319 40.054901
09252 116.899788 39.991592
09254 116.844879 39.992035
09258 116.923409 39.995327
09259 117.027000 40.044109
09262 116.964629 39.963698
09267 117.012970 39.926609
09273 116.901749 40.044769
09279 117.055893 40.032974
09280 116.984329 39.915539
09284 117.285553 40.144039
09286 116.928833 39.915329
09289 117.122444 40.099297
09296 116.919624 39.932304
09305 116.890732 39.948853
09306 117.067413 39.877411
09307 116.652779 40.235035
09308 116.830030 39.949735
09314 117.011726 40.077404
09321 116.844963 39.904449
09322 117.027802 40.055485
09326 116.769333 39.875927
09335 117.083176 40.012718
09337 116.844543 40.077351
09341 117.176193 39.740891
09354 117.119354 39.830082
09361 117.053864 39.927330
09366 116.883820 39.787048
09368 116.956779 40.067478
09371 117.084297 40.066986
09373 116.961433 39.965508
09375 116.771027 40.234615
09376 116.825058 39.740845
09378 117.121658 39.875965
09379 117.184441 40.056507
09380 116.857925 40.045647
09381 117.054977 40.012558
09386 116.928654 39.926428
09388 116.900360 39.893150
09389 116.900932 39.904461
09390 116.914215 39.926823
09391 117.241165 40.143169
09393 116.769730 39.787121
09401 117.026207 40.066216
09405 117.054665 39.958832
09406 117.012825 39.906181
09411 116.709633 40.057022
09412 116.945412 39.893402
09414 117.055649 40.022339
09415 116.928474 39.990631
09416 117.012100 40.024055
09418 116.827026 39.831348
09419 116.995880 40.002769
09421 116.956703 39.937531
09425 117.027351 39.980358
09426 116.970734 40.055573
09428 116.858139 40.033783
09430 116.886436 40.003674
09437 117.082916 39.936562
09438 116.997444 39.914867
09446 116.999130 39.894787
09451 116.932854 39.987427
09452 116.942101 39.904156
09456 116.942406 40.044338
09463 117.179543 40.007393
09464 116.956665 40.055630
09468 117.180351 39.833378
09473 116.709724 39.741882
09486 116.970039 40.023323
09488 116.846169 39.926510
09489 116.957092 39.904549
09490 117.123611 40.010208
09491 116.970551 40.076622
09493 116.653931 40.144535
09495 116.900206 39.915802
09496 117.069873 39.990800
09502 117.134842 40.144211
09505 116.914054 39.957937
09506 116.943916 39.744549
09509 117.084455 39.979471
09510 116.829552 39.876465
09511 116.928360 39.980022
09513 116.916023 39.934826
09518 116.829201 40.100140
09519 116.886436 39.893944
09523 116.997841 40.044415
09525 116.714813 39.877083
09528 116.900520 40.065907
09531 117.069366 39.936817
09535 117.068634 40.001438
09537 117.081215 39.915882
09538 116.771454 40.054768
09542 116.876854 39.956360
09544 116.998169 40.034245
09550 116.924110 39.928654
09552 117.082169 39.905106
09557 116.856422 39.894081
09559 116.946579 40.189255
09561 116.958244 40.146759
09564 116.887187 40.066372
09570 116.950371 39.973839
09575 116.872009 39.936829
09576 117.069000 39.904205
09578 116.830574 40.077450
09579 116.914650 40.066277
09582 116.915886 39.969582
09591 116.900398 40.002666
09594 116.949257 40.099522
09596 117.027977 40.002037
09600 117.177948 39.784435
09601 116.985100 40.055267
09605 116.910221 39.937115
09613 116.970367 39.982159
09614 116.773445 40.010933
09615 117.012215 39.892094
09619 116.970016 40.002399
09623 116.872559 40.023823
09624 117.068420 39.915062
09625 116.913910 39.893795
09642 117.038002 39.927254
09643 116.942230 40.066029
09645 117.067852 40.031286
09649 116.871536 39.915840
09650 116.955353 40.034321
09653 116.830261 40.055832
09658 117.054550 40.001499
09666 116.982620 39.971390
09667 117.001518 39.785397
09668 116.844040 40.034065
09672 116.872589 39.893894
09673 116.830713 39.958671
09675 117.055420 40.077374
09678 116.957329 39.967545
09682 116.899094 39.980591
09683 116.955887 39.947990
09684 117.082756 39.958824
09686 117.055016 39.936649
09690 116.844612 39.937496
09692 116.872780 39.979443
09694 116.872437 39.969917
09707 116.927809 39.947489
09710 117.024513 39.948196
09712 116.942383 40.002205
09717 117.237122 39.873428
09718 116.953163 39.970936
09719 116.826915 40.141280
09720 116.928444 40.011665
09721 116.997986 39.991749
09724 116.857780 39.915737
09728 116.873329 40.076706
09736 117.057243 39.979908
09737 116.649376 39.741390
09738 116.969910 39.960400
09740 116.886063 40.023571
09743 116.829926 39.990669
09745 116.927887 39.969917
09748 116.942772 39.784706
09750 117.060844 39.785664
09751 116.828812 40.233601
09754 117.083839 40.076283
09772 116.985603 40.023235
09773 116.886887 39.958858
09774 117.238167 39.738884
09775 116.982475 40.001961
09778 116.888367 40.101372
09779 116.983353 39.937222
09780 116.927956 40.044712
09781 117.054886 39.970119
09786 116.768768 39.740314
09792 116.899842 39.950558
09798 117.012703 39.915627
09799 116.914879 40.022499
09800 116.651733 39.831554
09801 116.970757 39.936459
09804 116.928421 40.002407
09809 117.027023 40.076900
09811 117.068428 40.078178
09812 116.844093 39.915844
09813 116.899803 39.942612
09818 116.885452 40.043076
09819 117.060822 39.738850
09823 116.843178 40.014046
09825 116.844589 40.043747
09828 116.947087 39.977205
09831 116.830429 39.937077
09834 117.182526 40.098160
09838 117.010735 39.968838
09843 117.064064 40.190868
09844 117.055305 39.915310
09845 116.943359 40.023125
09849 117.081558 40.001862
09853 117.292664 39.740227
09861 116.830146 40.045246
09866 116.886131 39.926163
09869 116.886574 39.950314
09872 116.857857 39.937561
09873 117.041191 39.991768
09876 116.997650 39.969547
09878 116.844475 40.066795
09881 116.856667 39.902931
09885 116.871323 40.034374
09888 116.964043 40.017536
09896 116.983871 39.905357
09899 116.955414 39.958046
09901 116.956711 39.895523
09904 116.871567 40.055679
09907 116.900169 39.926231
09909 116.654373 40.011242
09911 117.068550 39.980957
09912 116.858307 39.927059
09915 117.055489 40.066536
09916 117.083641 39.968338
09919 116.947067 40.031136
10174 117.084419 40.034607
10175 117.121887 40.232220
10183 117.040264 39.980363
10184 117.026543 39.893341
10189 117.239372 40.010246
10191 116.913872 40.032574
10204 117.069336 40.054676
10207 117.042252 40.032822
10212 117.061058 39.830429
10213 116.770714 40.144482
10214 117.011017 39.947693
10217 116.988609 39.998932
10225 116.829102 40.066570
10227 116.900307 40.056095
10228 117.179993 39.964863
10229 117.041168 39.893688
10231 116.872719 40.002666
10235 117.041313 39.937191
10236 117.068405 39.969151
10238 117.177788 39.919716
10240 116.941826 39.936127
10249 117.069092 40.023087
10253 117.025421 39.968243
10256 116.899460 40.023958
10258 116.940582 39.957985
10265 116.994110 39.995739
10271 116.928558 39.903961
10273 116.998444 39.925644
10276 117.083267 40.045704
10281 116.939667 39.981518
10282 117.013306 40.012363
10284 116.913925 40.012207
10287 117.040802 40.012615
10288 117.083359 40.055992
10299 116.844147 40.054974
10301 116.887177 40.014206
10309 117.242302 40.234894
10313 117.011551 40.066551
10316 117.040962 39.958813
10320 116.844147 39.893856
10321 116.860046 39.969795
10323 116.886612 40.077339
10325 116.955719 39.979984
10326 116.943710 40.033676
10328 117.012878 39.990993
10329 116.955551 40.011356
10331 116.831154 40.002285
10336 117.006302 40.101326
10337 116.842010 39.948456
10338 116.928635 40.055134
10343 116.885117 39.970085
10344 117.296829 39.875023
10345 116.711578 40.188564
10348 116.662292 39.965416
10350 116.829903 39.895718
10352 116.653351 39.878098
10353 117.012899 40.055438
10355 117.055275 39.905792
10357 117.024490 39.904179
10360 117.005463 40.143967
10362 116.871544 39.904804
10367 117.179337 39.875309
10369 116.856964 39.980404
10375 116.886650 40.188938
10382 116.928581 40.067356
10383 117.122650 40.051884
10387 116.857231 39.949268
10389 116.936066 39.985195
10392 116.712479 40.100883
10394 116.857250 40.002389
10395 116.998001 39.946514
10397 116.886681 39.979256
10402 116.710503 40.234248
10403 116.711586 40.012859
10410 116.941986 39.968987
10411 116.844940 39.958378
10412 117.298645 39.920090
10413 117.027344 39.937084
10415 116.829827 39.979633
10416 116.956688 40.022976
10418 117.194740 40.231445
10422 117.083786 39.894981
10424 117.068008 39.947655
10426 116.984337 40.036709
10428 116.999054 40.055256
10431 116.648590 39.787113
10436 116.984779 39.991348
10439 117.012741 39.959080
10440 117.041702 40.022511
10443 116.843941 39.979614
10446 117.064796 40.099514
10447 117.295319 39.784622
10448 116.847382 40.003059
10449 117.027145 39.958321
10451 116.712264 39.966583
10456 116.955154 39.991673
10458 117.001648 39.831783
10460 117.054329 39.948002
10461 117.122757 39.963657
10464 116.826904 40.011185
10465 116.998970 40.077206
10469 117.124100 40.189167
10470 117.238083 39.965370
10474 117.241219 40.187828
10476 116.943214 40.076519
10477 116.765617 40.189621
10480 116.980629 40.005459
10483 116.930702 39.989285
10484 117.083542 39.990807
10487 116.709145 39.785397
10488 117.070503 40.228947
10489 117.082558 39.947693
10491 116.957062 40.076775
10493 116.971130 40.034443
10496 116.969559 39.969910
10497 116.997055 40.023434
10499 116.985260 40.067417
10500 116.655800 39.920921
10510 116.899803 40.036785
10511 117.000328 39.874222
10515 116.832008 39.926598
10525 116.946411 39.874821
10527 116.942932 39.980679
10529 117.236717 39.830231
10530 116.968601 40.014679
10534 116.653046 40.055965
10535 116.998116 39.959023
10537 116.943062 40.013149
10539 116.858040 39.990696
10541 117.025551 40.034798
10546 117.040924 39.970367
10548 116.711662 39.920254
10554 117.039574 40.044228
10557 117.041824 40.001587
10558 116.769592 40.099895
10560 117.289375 39.829933
10562 117.064552 40.143414
10563 117.005707 40.233509
10564 116.842966 39.969832
10566 116.984286 39.925573
10569 116.713745 40.142117
10570 116.942360 40.055515
10573 117.298752 40.186916
10576 116.970457 40.012629
10581 116.976761 40.007862
10584 116.971039 39.925877
10585 116.888710 40.143742
10588 116.928940 40.034367
10589 117.082771 39.926201
10592 116.928963 40.077614
10593 116.929649 39.894226
10594 116.999016 39.936928
10600 116.856918 40.013088
10602 116.970009 39.916756
10607 117.298561 40.011074
10609 116.829788 39.903351
10610 116.967384 39.961920
10611 116.942703 39.914089
10614 116.825249 39.784763
10615 116.957565 39.926529
10617 116.710617 39.830204
10619 116.902534 39.969124
10620 116.886581 39.936504
10621 116.914749 39.937477
10622 116.892609 40.235691
10623 116.912704 39.949108
10624 116.998001 39.981174
10626 116.915108 40.044979
10628 116.984718 39.958450
10629 116.905617 39.939959
10630 116.914215 39.980572
10632 116.855861 39.944497
10635 117.026527 39.914444
10636 116.970322 39.991146
10640 116.914299 39.993221
10646 116.914383 40.055061
10648 116.900139 39.937031
10650 117.068764 39.957848
10651 116.871796 39.991329
10652 116.971024 39.945049
10654 116.900352 40.077240
10658 116.985161 40.044243
10660 117.288795 40.100643
10662 116.885719 39.831539
10672 117.236290 39.785091
10674 116.919067 39.998684
10675 116.927231 39.992558
10684 116.828285 40.023232
10685 116.873387 39.958258
10687 116.769249 39.919044
10692 116.911690 39.906212
10693 116.956169 40.044289
10694 116.830554 39.969405
10695 117.013380 39.980128
10698 116.857971 40.066559
10700 116.928032 39.957527
10703 117.027359 40.011978
10707 116.999321 40.012127
10709 117.024620 39.925846
10710 116.943638 39.831349
10713 116.831123 40.033962
10714 116.857498 40.056053
10718 116.769341 39.832546
10719 117.298454 40.054707
10722 117.001999 39.740425
10725 117.295998 39.964737
10726 116.664581 40.102631
10729 116.928726 39.935684
10731 116.900482 40.013130
10739 116.985367 40.010368
10741 117.120453 39.919651
10742 116.858810 40.076565
10743 116.885902 40.033577
10744 116.886391 40.054688
10746 116.985191 40.077835
10747 116.872620 40.013031
10751 117.068550 39.925671
10752 116.982941 39.948006
10755 116.884964 39.873569
10756 116.943604 39.991093
10760 116.954308 40.024864
10765 117.068977 39.893105
10766 116.955795 39.915237
10767 117.055435 39.894230
10768 116.941292 39.925789
10769 116.971306 40.066746
10770 116.858269 39.958122
10774 116.970406 39.895355
10777 116.941177 39.948593
10781 116.885712 39.991997
10784 117.008324 40.189293
10787 117.028420 40.024509
10789 116.952240 40.027275
10790 117.181633 40.189308
10799 116.914764 40.077633
10801 117.011917 40.001976
10803 116.929016 40.023026
10806 117.013382 40.044659
10807 117.241158 40.099476
10812 116.999512 40.065899
10819 116.970703 39.904858
10823 116.914032 40.002834
10828 116.973869 40.009373
10832 116.858063 40.023979
10834 116.985184 39.980049
10835 116.997368 39.904514
10842 116.664207 40.189098
10844 117.012810 39.936424
10850 116.829712 39.915764
10860 117.041389 39.947441
10863 117.041161 40.056229
10869 117.289993 40.226849
10870 116.956398 40.004211
10873 116.985682 39.894362
10878 117.055321 40.054688
10884 117.069794 40.066860
10885 116.884505 39.948739
10914 117.182175 40.144321
10919 116.884735 39.741135
10921 117.117508 39.740215
10923 117.068169 40.013378
10928 116.971601 39.958891
10930 117.040459 39.904942
10933 116.870605 39.948025
10934 116.956642 40.227940
10937 116.959213 40.020653
10938 117.026070 39.990467
